INFO: [VRFC 10-2263] Analyzing Verilog file "C:/Users/ahmed/Downloads/uOttaHack_FPGA/fpga_top/fpga_top.gen/sources_1/ip/vio_0/vio_0_sim_netlist.v" into library xil_defaultlib
INFO: [VRFC 10-311] analyzing module vio_0
INFO: [VRFC 10-311] analyzing module vio_0_vio_v3_0_27_decoder
INFO: [VRFC 10-311] analyzing module vio_0_vio_v3_0_27_probe_in_one
INFO: [VRFC 10-311] analyzing module vio_0_vio_v3_0_27_probe_out_all
INFO: [VRFC 10-311] analyzing module vio_0_vio_v3_0_27_probe_out_one
INFO: [VRFC 10-311] analyzing module vio_0_vio_v3_0_27_vio
INFO: [VRFC 10-311] analyzing module vio_0_xsdbs_v1_0_5_xsdbs
INFO: [VRFC 10-311] analyzing module glbl
INFO: [VRFC 10-2263] Analyzing Verilog file "C:/Users/ahmed/Downloads/uOttaHack_FPGA/fpga_top/fpga_top.gen/sources_1/ip/xcv_hdmi/xcv_hdmi_sim_netlist.v" into library xil_defaultlib
INFO: [VRFC 10-311] analyzing module xcv_hdmi
INFO: [VRFC 10-311] analyzing module xcv_hdmi_gthe4_channel_wrapper
INFO: [VRFC 10-311] analyzing module xcv_hdmi_gthe4_common_wrapper
INFO: [VRFC 10-311] analyzing module xcv_hdmi_gtwizard_gthe4
INFO: [VRFC 10-311] analyzing module xcv_hdmi_gtwizard_top
INFO: [VRFC 10-311] analyzing module xcv_hdmi_gtwizard_ultrascale_v1_7_22_bit_synchronizer
INFO: [VRFC 10-311] analyzing module xcv_hdmi_gtwizard_ultrascale_v1_7_22_bit_synchronizer_10
INFO: [VRFC 10-311] analyzing module xcv_hdmi_gtwizard_ultrascale_v1_7_22_bit_synchronizer_102
INFO: [VRFC 10-311] analyzing module xcv_hdmi_gtwizard_ultrascale_v1_7_22_bit_synchronizer_103
INFO: [VRFC 10-311] analyzing module xcv_hdmi_gtwizard_ultrascale_v1_7_22_bit_synchronizer_104
INFO: [VRFC 10-311] analyzing module xcv_hdmi_gtwizard_ultrascale_v1_7_22_bit_synchronizer_11
INFO: [VRFC 10-311] analyzing module xcv_hdmi_gtwizard_ultrascale_v1_7_22_bit_synchronizer_12
INFO: [VRFC 10-311] analyzing module xcv_hdmi_gtwizard_ultrascale_v1_7_22_bit_synchronizer_13
INFO: [VRFC 10-311] analyzing module xcv_hdmi_gtwizard_ultrascale_v1_7_22_bit_synchronizer_14
INFO: [VRFC 10-311] analyzing module xcv_hdmi_gtwizard_ultrascale_v1_7_22_bit_synchronizer_15
INFO: [VRFC 10-311] analyzing module xcv_hdmi_gtwizard_ultrascale_v1_7_22_bit_synchronizer_16
INFO: [VRFC 10-311] analyzing module xcv_hdmi_gtwizard_ultrascale_v1_7_22_bit_synchronizer_17
INFO: [VRFC 10-311] analyzing module xcv_hdmi_gtwizard_ultrascale_v1_7_22_bit_synchronizer_18
INFO: [VRFC 10-311] analyzing module xcv_hdmi_gtwizard_ultrascale_v1_7_22_bit_synchronizer_19
INFO: [VRFC 10-311] analyzing module xcv_hdmi_gtwizard_ultrascale_v1_7_22_bit_synchronizer_20
INFO: [VRFC 10-311] analyzing module xcv_hdmi_gtwizard_ultrascale_v1_7_22_bit_synchronizer_21
INFO: [VRFC 10-311] analyzing module xcv_hdmi_gtwizard_ultrascale_v1_7_22_bit_synchronizer_22
INFO: [VRFC 10-311] analyzing module xcv_hdmi_gtwizard_ultrascale_v1_7_22_bit_synchronizer_23
INFO: [VRFC 10-311] analyzing module xcv_hdmi_gtwizard_ultrascale_v1_7_22_bit_synchronizer_24
INFO: [VRFC 10-311] analyzing module xcv_hdmi_gtwizard_ultrascale_v1_7_22_bit_synchronizer_34
INFO: [VRFC 10-311] analyzing module xcv_hdmi_gtwizard_ultrascale_v1_7_22_bit_synchronizer_37
INFO: [VRFC 10-311] analyzing module xcv_hdmi_gtwizard_ultrascale_v1_7_22_bit_synchronizer_38
INFO: [VRFC 10-311] analyzing module xcv_hdmi_gtwizard_ultrascale_v1_7_22_bit_synchronizer_39
INFO: [VRFC 10-311] analyzing module xcv_hdmi_gtwizard_ultrascale_v1_7_22_bit_synchronizer_40
INFO: [VRFC 10-311] analyzing module xcv_hdmi_gtwizard_ultrascale_v1_7_22_bit_synchronizer_41
INFO: [VRFC 10-311] analyzing module xcv_hdmi_gtwizard_ultrascale_v1_7_22_bit_synchronizer_42
INFO: [VRFC 10-311] analyzing module xcv_hdmi_gtwizard_ultrascale_v1_7_22_bit_synchronizer_45
INFO: [VRFC 10-311] analyzing module xcv_hdmi_gtwizard_ultrascale_v1_7_22_bit_synchronizer_46
INFO: [VRFC 10-311] analyzing module xcv_hdmi_gtwizard_ultrascale_v1_7_22_bit_synchronizer_47
INFO: [VRFC 10-311] analyzing module xcv_hdmi_gtwizard_ultrascale_v1_7_22_bit_synchronizer_49
INFO: [VRFC 10-311] analyzing module xcv_hdmi_gtwizard_ultrascale_v1_7_22_bit_synchronizer_56
INFO: [VRFC 10-311] analyzing module xcv_hdmi_gtwizard_ultrascale_v1_7_22_bit_synchronizer_57
INFO: [VRFC 10-311] analyzing module xcv_hdmi_gtwizard_ultrascale_v1_7_22_bit_synchronizer_58
INFO: [VRFC 10-311] analyzing module xcv_hdmi_gtwizard_ultrascale_v1_7_22_bit_synchronizer_59
INFO: [VRFC 10-311] analyzing module xcv_hdmi_gtwizard_ultrascale_v1_7_22_bit_synchronizer_6
INFO: [VRFC 10-311] analyzing module xcv_hdmi_gtwizard_ultrascale_v1_7_22_bit_synchronizer_60
INFO: [VRFC 10-311] analyzing module xcv_hdmi_gtwizard_ultrascale_v1_7_22_bit_synchronizer_61
INFO: [VRFC 10-311] analyzing module xcv_hdmi_gtwizard_ultrascale_v1_7_22_bit_synchronizer_64
INFO: [VRFC 10-311] analyzing module xcv_hdmi_gtwizard_ultrascale_v1_7_22_bit_synchronizer_65
INFO: [VRFC 10-311] analyzing module xcv_hdmi_gtwizard_ultrascale_v1_7_22_bit_synchronizer_66
INFO: [VRFC 10-311] analyzing module xcv_hdmi_gtwizard_ultrascale_v1_7_22_bit_synchronizer_68
INFO: [VRFC 10-311] analyzing module xcv_hdmi_gtwizard_ultrascale_v1_7_22_bit_synchronizer_7
INFO: [VRFC 10-311] analyzing module xcv_hdmi_gtwizard_ultrascale_v1_7_22_bit_synchronizer_75
INFO: [VRFC 10-311] analyzing module xcv_hdmi_gtwizard_ultrascale_v1_7_22_bit_synchronizer_76
INFO: [VRFC 10-311] analyzing module xcv_hdmi_gtwizard_ultrascale_v1_7_22_bit_synchronizer_77
INFO: [VRFC 10-311] analyzing module xcv_hdmi_gtwizard_ultrascale_v1_7_22_bit_synchronizer_78
INFO: [VRFC 10-311] analyzing module xcv_hdmi_gtwizard_ultrascale_v1_7_22_bit_synchronizer_79
INFO: [VRFC 10-311] analyzing module xcv_hdmi_gtwizard_ultrascale_v1_7_22_bit_synchronizer_8
INFO: [VRFC 10-311] analyzing module xcv_hdmi_gtwizard_ultrascale_v1_7_22_bit_synchronizer_80
INFO: [VRFC 10-311] analyzing module xcv_hdmi_gtwizard_ultrascale_v1_7_22_bit_synchronizer_83
INFO: [VRFC 10-311] analyzing module xcv_hdmi_gtwizard_ultrascale_v1_7_22_bit_synchronizer_84
INFO: [VRFC 10-311] analyzing module xcv_hdmi_gtwizard_ultrascale_v1_7_22_bit_synchronizer_85
INFO: [VRFC 10-311] analyzing module xcv_hdmi_gtwizard_ultrascale_v1_7_22_bit_synchronizer_87
INFO: [VRFC 10-311] analyzing module xcv_hdmi_gtwizard_ultrascale_v1_7_22_bit_synchronizer_9
INFO: [VRFC 10-311] analyzing module xcv_hdmi_gtwizard_ultrascale_v1_7_22_bit_synchronizer_94
INFO: [VRFC 10-311] analyzing module xcv_hdmi_gtwizard_ultrascale_v1_7_22_bit_synchronizer_95
INFO: [VRFC 10-311] analyzing module xcv_hdmi_gtwizard_ultrascale_v1_7_22_bit_synchronizer_96
INFO: [VRFC 10-311] analyzing module xcv_hdmi_gtwizard_ultrascale_v1_7_22_bit_synchronizer_97
INFO: [VRFC 10-311] analyzing module xcv_hdmi_gtwizard_ultrascale_v1_7_22_bit_synchronizer_98
INFO: [VRFC 10-311] analyzing module xcv_hdmi_gtwizard_ultrascale_v1_7_22_bit_synchronizer_99
INFO: [VRFC 10-311] analyzing module xcv_hdmi_gtwizard_ultrascale_v1_7_22_gte4_drp_arb
INFO: [VRFC 10-311] analyzing module xcv_hdmi_gtwizard_ultrascale_v1_7_22_gte4_drp_arb_50
INFO: [VRFC 10-311] analyzing module xcv_hdmi_gtwizard_ultrascale_v1_7_22_gte4_drp_arb_69
INFO: [VRFC 10-311] analyzing module xcv_hdmi_gtwizard_ultrascale_v1_7_22_gte4_drp_arb_88
INFO: [VRFC 10-311] analyzing module xcv_hdmi_gtwizard_ultrascale_v1_7_22_gthe4_channel
INFO: [VRFC 10-311] analyzing module xcv_hdmi_gtwizard_ultrascale_v1_7_22_gthe4_common
INFO: [VRFC 10-311] analyzing module xcv_hdmi_gtwizard_ultrascale_v1_7_22_gthe4_cpll_cal
INFO: [VRFC 10-311] analyzing module xcv_hdmi_gtwizard_ultrascale_v1_7_22_gthe4_cpll_cal_0
INFO: [VRFC 10-311] analyzing module xcv_hdmi_gtwizard_ultrascale_v1_7_22_gthe4_cpll_cal_1
INFO: [VRFC 10-311] analyzing module xcv_hdmi_gtwizard_ultrascale_v1_7_22_gthe4_cpll_cal_2
INFO: [VRFC 10-311] analyzing module xcv_hdmi_gtwizard_ultrascale_v1_7_22_gthe4_cpll_cal_freq_counter
INFO: [VRFC 10-311] analyzing module xcv_hdmi_gtwizard_ultrascale_v1_7_22_gthe4_cpll_cal_freq_counter_101
INFO: [VRFC 10-311] analyzing module xcv_hdmi_gtwizard_ultrascale_v1_7_22_gthe4_cpll_cal_freq_counter_44
INFO: [VRFC 10-311] analyzing module xcv_hdmi_gtwizard_ultrascale_v1_7_22_gthe4_cpll_cal_freq_counter_55
INFO: [VRFC 10-311] analyzing module xcv_hdmi_gtwizard_ultrascale_v1_7_22_gthe4_cpll_cal_freq_counter_63
INFO: [VRFC 10-311] analyzing module xcv_hdmi_gtwizard_ultrascale_v1_7_22_gthe4_cpll_cal_freq_counter_74
INFO: [VRFC 10-311] analyzing module xcv_hdmi_gtwizard_ultrascale_v1_7_22_gthe4_cpll_cal_freq_counter_82
INFO: [VRFC 10-311] analyzing module xcv_hdmi_gtwizard_ultrascale_v1_7_22_gthe4_cpll_cal_freq_counter_93
INFO: [VRFC 10-311] analyzing module xcv_hdmi_gtwizard_ultrascale_v1_7_22_gthe4_cpll_cal_rx
INFO: [VRFC 10-311] analyzing module xcv_hdmi_gtwizard_ultrascale_v1_7_22_gthe4_cpll_cal_rx_51
